********************************************************************************
                ______                                __                        
               / ____/___ _______________ _____  ____/ /________ _              
              / /   / __ `/ ___/ ___/ __ `/ __ \/ __  / ___/ __ `/              
             / /___/ /_/ (__  |__  ) /_/ / / / / /_/ / /  / /_/ /               
             \____/\__,_/____/____/\__,_/_/ /_/\__,_/_/   \__,_/                
                                                                                
********************************************************************************

For any published work that uses Cassandra, cite the following reference:
    Shah JK, Marin‐Rimoldi E, Mullen RG, Keene BP, Khan S,
    Paluch AS, Rai N, Romanielo LL, Rosch TW, Yoo B, Maginn EJ.
    Cassandra: An open source Monte Carlo package for molecular simulation.
    Journal of Computational Chemistry. 2017, 38, 1727–1739.
    http://dx.doi.org/10.1002/jcc.24807

Run info
********************************************************************************
version: Cassandra Version 1.2 20181213
inputfile: gemc_methane.inp
name of run: gemc_methane.out
date (mm/dd/yyyy): 12/15/2019
time: 21:17:53
machine: Eliseos-MacBook-Air.local
********************************************************************************

Verbose log
********************************************************************************
Normal output to logfile
********************************************************************************

Simulation type
********************************************************************************
GEMC                
********************************************************************************

Copy input file
********************************************************************************
# Run_Name                                                                      
gemc_methane.out                                                                
                                                                                
# Sim_Type                                                                      
GEMC                                                                            
                                                                                
# Nbr_Species                                                                   
2                                                                               
                                                                                
# VDW_Style                                                                     
LJ   cut_tail   2.55                                                            
LJ   cut_tail   2.55                                                            
                                                                                
# Rcutoff_Low                                                                   
1.0                                                                             
                                                                                
# Mixing_Rule                                                                   
LB                                                                              
                                                                                
# Molecule_Files                                                                
methane.mcf 10                                                                  
methane.mcf 10                                                                  
                                                                                
# Box_Info                                                                      
2                                                                               
cubic                                                                           
5.1                                                                             
                                                                                
cubic                                                                           
5.1                                                                             
                                                                                
# Temperature_Info                                                              
175.0                                                                           
175.0                                                                           
                                                                                
# Move_Probability_Info                                                         
                                                                                
# Prob_Volume                                                                   
0.000001                                                                        
10.0                                                                            
                                                                                
# Prob_Identity_Switch                                                          
0.999999 0                                                                      
1 2                                                                             
                                                                                
# Done_Probability_Info                                                         
                                                                                
# Start_Type                                                                    
make_config 3 3                                                                 
make_config 3 3                                                                 
                                                                                
                                                                                
# Run_Type                                                                      
Equilibration 100 100                                                           
                                                                                
# Simulation_Length_Info                                                        
Units       Steps                                                               
Prop_Freq   1                                                                   
Coord_Freq  10                                                                  
Run         100                                                                 
                                                                                
# Seed                                                                          
1211131639 1211131640                                                           
                                                                                
# Property_Info 1                                                               
Density                                                                         
Nmols                                                                           
Volume                                                                          
Pressure                                                                        
                                                                                
# Property_Info 2                                                               
Density                                                                         
Nmols                                                                           
Volume                                                                          
Pressure                                                                        
                                                                                
                                                                                
# Fragment_Files                                                                
species1/frag1/frag1.dat  1                                                     
species1/frag1/frag1.dat  2                                                     
                                                                                
# CBMC_Info                                                                     
kappa_ins 12                                                                    
rcut_cbmc 6.5 6.5                                                               
                                                                                
# Average_Info                                                                  
1                                                                               
                                                                                
# Pair_Energy                                                                   
TRUE                                                                            
                                                                                
END                                                                             
********************************************************************************

Number of species
********************************************************************************
2
********************************************************************************

Box info
********************************************************************************
Number of simulation boxes     2
Box 1 is CUBIC               
 Each Side Of :        5.1000     Angstrom
 Cell basis vector lengths in A,      5.1000       5.1000       5.1000
 Cosine of angles alpha, beta, gamma     0.0000       0.0000       0.0000
 Distance between box faces     5.1000       5.1000       5.1000
 Box volume, A^3           132.6510
Box 2 is CUBIC               
 Each Side Of :        5.1000     Angstrom
 Cell basis vector lengths in A,      5.1000       5.1000       5.1000
 Cosine of angles alpha, beta, gamma     0.0000       0.0000       0.0000
 Distance between box faces     5.1000       5.1000       5.1000
 Box volume, A^3           132.6510
********************************************************************************

Pair style
********************************************************************************
VDW style used is:   LJ             in box:  1
 VDW sum style is:   cut_tail       in box:  1
 rcut =     2.550 Angstrom
VDW style used is:   LJ             in box:  2
 VDW sum style is:   cut_tail       in box:  2
 rcut =     2.550 Angstrom
Section "# Charge_Style" is missing from the input file
 By default, charge style for box 1 is NONE
 By default, charge style for box 2 is NONE
Pair interaction energy array storage enabled
Lorentz-Berthelot mixing rule specified
********************************************************************************

Molecule info
********************************************************************************
 Reading molecular connectivity information
 Species:            1
 Molecular connectivity file: methane.mcf                                                                                                             
   1 atom(s) specified.
   0 bond(s) specified.
   0 angle(s) specified.
   0 dihedral(s) specified.
   0 improper(s) specified.
   1 fragment(s) specified.
   0 fragment bond(s) specified.
 Reading molecular connectivity information
 Species:            2
 Molecular connectivity file: methane.mcf                                                                                                             
   1 atom(s) specified.
   0 bond(s) specified.
   0 angle(s) specified.
   0 dihedral(s) specified.
   0 improper(s) specified.
   1 fragment(s) specified.
   0 fragment bond(s) specified.

 Species  Max molecules
 -------  -------------
      1             10
      2             10

 Species     1
 -------------------------------------------------------------------------------
 Atom parameters read
 Bond parameters read
 Angle parameters read
 Dihedral parameters read
 Improper parameters read
 Intra molecule scaling factors for species            1
  VDW 1-2 scaling factor       0.000
  VDW 1-3 scaling factor       0.000
  VDW 1-4 scaling factor       0.000
  VDW 1-N scaling factor       1.000
 Total number of atoms in fragment     1  is   1
 Fragment info read
 Fragment file for fragment 1 is species1/frag1/frag1.dat
 -------------------------------------------------------------------------------

 Species     2
 -------------------------------------------------------------------------------
 Atom parameters read
 Bond parameters read
 Angle parameters read
 Dihedral parameters read
 Improper parameters read
 Intra molecule scaling factors for species            2
  VDW 1-2 scaling factor       0.000
  VDW 1-3 scaling factor       0.000
  VDW 1-4 scaling factor       0.000
  VDW 1-N scaling factor       1.000
 Total number of atoms in fragment     1  is   1
 Fragment info read
 Fragment file for fragment 2 is species1/frag1/frag1.dat
 -------------------------------------------------------------------------------

 Fragment coord info
 -------------------------------------------------------------------------------
 library_coords array successfully allocated
 Finished loading fragment coordinates from
 species1/frag1/frag1.dat
 Finished loading fragment coordinates from
 species1/frag1/frag1.dat
 -------------------------------------------------------------------------------
********************************************************************************

Start type
********************************************************************************
Initial configuration for box 1 will be made
 Will insert       3  molecules of species   1
 Will insert       3  molecules of species   2
Initial configuration for box 2 will be made
 Will insert       3  molecules of species   1
 Will insert       3  molecules of species   2
********************************************************************************

Seed info
********************************************************************************
The starting seeds are:   1211131639   1211131640
********************************************************************************

Temperature
********************************************************************************
Temperature of box 1 is 175.000 K
Temperature of box 2 is 175.000 K
********************************************************************************

Move probabilities
********************************************************************************
Probability for volume move                0.000001
 Maximum volume displacement is     10.000
 Volume moves will be performed in actual volumes
Number of moves is :   2
********************************************************************************

CBMC info
********************************************************************************
Kappa for first fragment insertion          12
 Cutoff for CBMC for box 1 is         6.50
 Cutoff for CBMC for box 2 is         6.50
********************************************************************************

Simulation length info
********************************************************************************
Thermodynamic quantities will be computed every         1 Steps     
Coordinates will be written every                      10 Steps     
 movie header file for box   1 is      gemc_methane.out.box1.H
 movie_XYZ file for box      1 is      gemc_methane.out.box1.xyz
 movie header file for box   2 is      gemc_methane.out.box2.H
 movie_XYZ file for box      2 is      gemc_methane.out.box2.xyz
The simulation will be run for                        100 Steps     
Instantaneous values will be written every              1 Steps     
********************************************************************************

Property info
********************************************************************************
Total number of property files to be written is     1   for box 1
 Maximum number of properties per file is    6
 Writing the name of the property files and the corresponding property output
 Property file    1   is  gemc_methane.out.box1.prp
 Properties output in these files are
 Density_1
 Density_2
 Nmols_1
 Nmols_2
 Volume
 Pressure
Total number of property files to be written is     1   for box 2
 Maximum number of properties per file is    6
 Writing the name of the property files and the corresponding property output
 Property file    1   is  gemc_methane.out.box2.prp
 Properties output in these files are
 Density_1
 Density_2
 Nmols_1
 Nmols_2
 Volume
 Pressure
********************************************************************************

Minimum distance cutoff
********************************************************************************
MC low cutoff distance is   1.000    Angstrom
********************************************************************************

Run type
********************************************************************************
 The input run type is Equilibration
 Update frequency is          100
 Update frequency for adjusting maximum volume displacement is
         100
********************************************************************************

********************************************************************************
************************ Begin Cassandra simulation ****************************
********************************************************************************

Initial configuration
********************************************************************************
 Inserting            3 molecules of species            1
 Inserting            3 molecules of species            2
 Inserting            3 molecules of species            1
 Inserting            3 molecules of species            2
********************************************************************************

Compute total energy
********************************************************************************

 Energy components for box 1     kJ/mol-Extensive
 ---------------------------------------------------------------------
 Total system energy                     2026.491
 Intra molecular energy                     0.000
   Bond energy                              0.000
   Bond angle energy                        0.000
   Dihedral angle energy                    0.000
   Improper angle energy                    0.000
   Intra molecule vdw                       0.000
   Intra molecule q                         0.000
 Inter molecular energy                  2026.491
   Inter molecule vdw                     997.247
   Long range correction                 1029.244
   Inter molecule q                         0.000
 ---------------------------------------------------------------------


 Energy components for box 2     kJ/mol-Extensive
 ---------------------------------------------------------------------
 Total system energy                     2359.316
 Intra molecular energy                     0.000
   Bond energy                              0.000
   Bond angle energy                        0.000
   Dihedral angle energy                    0.000
   Improper angle energy                    0.000
   Intra molecule vdw                       0.000
   Intra molecule q                         0.000
 Inter molecular energy                  2359.316
   Inter molecule vdw                    1330.072
   Long range correction                 1029.244
   Inter molecule q                         0.000
 ---------------------------------------------------------------------

********************************************************************************

Run simulation
********************************************************************************
      Step       Move   Mol Spc Box  Success  MaxWidth
********************************************************************************

Energy of final configuration
********************************************************************************

 Energy components for box 1     kJ/mol-Extensive       Relative_Error
 ---------------------------------------------------------------------
 Total system energy                     2026.491            0.000E+00
 Intra molecular energy                     0.000            0.000E+00
   Bond energy                              0.000            0.000E+00
   Bond angle energy                        0.000            0.000E+00
   Dihedral angle energy                    0.000            0.000E+00
   Improper angle energy                    0.000            0.000E+00
   Intra molecule vdw                       0.000            0.000E+00
   Intra molecule q                         0.000            0.000E+00
 Inter molecular energy                  2026.491            0.000E+00
   Inter molecule vdw                     997.247            0.000E+00
   Long range correction                 1029.244            0.000E+00
   Inter molecule q                         0.000            0.000E+00
 ---------------------------------------------------------------------


 Energy components for box 2     kJ/mol-Extensive       Relative_Error
 ---------------------------------------------------------------------
 Total system energy                     2359.316            0.000E+00
 Intra molecular energy                     0.000            0.000E+00
   Bond energy                              0.000            0.000E+00
   Bond angle energy                        0.000            0.000E+00
   Dihedral angle energy                    0.000            0.000E+00
   Improper angle energy                    0.000            0.000E+00
   Intra molecule vdw                       0.000            0.000E+00
   Intra molecule q                         0.000            0.000E+00
 Inter molecular energy                  2359.316            0.000E+00
   Inter molecule vdw                    1330.072            0.000E+00
   Long range correction                 1029.244            0.000E+00
   Inter molecule q                         0.000            0.000E+00
 ---------------------------------------------------------------------

********************************************************************************


Writing information for box  1
********************************************************************************

   ---------------------------------------------------------
   Writing information for species  1

                Move      Trials     Success   % Success
     Identity Switch          50          50      100.00
   ---------------------------------------------------------


   ---------------------------------------------------------
   Writing information for species  2

                Move      Trials     Success   % Success
     Identity Switch          50          50      100.00
   ---------------------------------------------------------

********************************************************************************
Writing information for box  2
********************************************************************************

   ---------------------------------------------------------
   Writing information for species  1

                Move      Trials     Success   % Success
     Identity Switch          50          50      100.00
   ---------------------------------------------------------


   ---------------------------------------------------------
   Writing information for species  2

                Move      Trials     Success   % Success
     Identity Switch          50          50      100.00
   ---------------------------------------------------------

********************************************************************************

 Writing information about subroutine times
********************************************************************************
 Regrowth time =               0.011625 secs.
********************************************************************************

********************************************************************************
************************ Cassandra simulation complete *************************
********************************************************************************

 Program execution time
********************************************************************************
         0      Years
         0     Months
         0       Days
         0      Hours
         0    Minutes
         0    Seconds
        82         ms
********************************************************************************
