********************************************************************************
                ______                                __                        
               / ____/___ _______________ _____  ____/ /________ _              
              / /   / __ `/ ___/ ___/ __ `/ __ \/ __  / ___/ __ `/              
             / /___/ /_/ (__  |__  ) /_/ / / / / /_/ / /  / /_/ /               
             \____/\__,_/____/____/\__,_/_/ /_/\__,_/_/   \__,_/                
                                                                                
********************************************************************************

For any published work that uses Cassandra, cite the following reference:
    Shah JK, Marin‐Rimoldi E, Mullen RG, Keene BP, Khan S,
    Paluch AS, Rai N, Romanielo LL, Rosch TW, Yoo B, Maginn EJ.
    Cassandra: An open source Monte Carlo package for molecular simulation.
    Journal of Computational Chemistry. 2017, 38, 1727–1739.
    http://dx.doi.org/10.1002/jcc.24807

Run info
********************************************************************************
version: Cassandra Version 1.2 20181213
inputfile: gemc.inp
name of run: gemc.out
date (mm/dd/yyyy): 12/31/2019
time: 16:52:56
machine: Eliseos-MacBook-Air.local
********************************************************************************

Verbose log
********************************************************************************
Normal output to logfile
********************************************************************************

Simulation type
********************************************************************************
GEMC_NPT            
********************************************************************************

Copy input file
********************************************************************************
# Mixing_Rule                                                                   
custom                                                                          
kr1 ar2 103.15 3.4985                                                           
                                                                                
# Run_Name                                                                      
gemc.out                                                                        
                                                                                
# Sim_Type                                                                      
GEMC_NPT                                                                        
                                                                                
# Nbr_Species                                                                   
2                                                                               
                                                                                
# VDW_Style                                                                     
LJ   cut_tail   8.00                                                            
LJ   cut_tail   8.00                                                            
                                                                                
# Rcutoff_Low                                                                   
1.0                                                                             
                                                                                
# Mixing_Rule                                                                   
LB                                                                              
                                                                                
# Charge_Style                                                                  
NONE                                                                            
NONE                                                                            
                                                                                
                                                                                
# Molecule_Files                                                                
kr.mcf 225                                                                      
ar.mcf 30                                                                       
                                                                                
# Box_Info                                                                      
2                                                                               
CUBIC                                                                           
25.0                                                                            
                                                                                
CUBIC                                                                           
39.0                                                                            
                                                                                
# Temperature_Info                                                              
143.15                                                                          
143.15                                                                          
                                                                                
# Pressure_Info                                                                 
9.53                                                                            
9.53                                                                            
                                                                                
# Move_Probability_Info                                                         
                                                                                
# Prob_Translation                                                              
0.77                                                                            
1.0 1.0                                                                         
1.0 1.0                                                                         
                                                                                
# Prob_Volume                                                                   
0.03                                                                            
1.0                                                                             
1.0                                                                             
                                                                                
# Prob_Swap                                                                     
0.10                                                                            
cbmc cbmc                                                                       
                                                                                
# Prob_Identity_Switch                                                          
0.10 0                                                                          
1 2                                                                             
                                                                                
# Done_Probability_Info                                                         
                                                                                
# Start_Type                                                                    
make_config  187 8                                                              
make_config  38 22                                                              
                                                                                
# Run_Type                                                                      
Equilibration 100 100                                                           
                                                                                
# Simulation_Length_Info                                                        
Units         Steps                                                             
prop_freq     1000                                                              
coord_freq    1000000                                                           
Run           1000000                                                           
                                                                                
                                                                                
# Seed                                                                          
1211131639 1211131640                                                           
                                                                                
# Property_Info 1                                                               
Energy_Total                                                                    
Density                                                                         
Nmols                                                                           
Volume                                                                          
Pressure                                                                        
                                                                                
# Property_Info 2                                                               
Energy_Total                                                                    
Density                                                                         
Nmols                                                                           
Volume                                                                          
Pressure                                                                        
                                                                                
                                                                                
# Fragment_Files                                                                
kr.dat  1                                                                       
ar.dat  2                                                                       
                                                                                
# CBMC_Info                                                                     
kappa_ins 12                                                                    
kappa_rot  0                                                                    
kappa_dih 12                                                                    
rcut_cbmc 6.5 6.5                                                               
                                                                                
# Average_Info                                                                  
1                                                                               
                                                                                
# Pair_Energy                                                                   
TRUE                                                                            
                                                                                
END                                                                             
********************************************************************************

Number of species
********************************************************************************
2
********************************************************************************

Box info
********************************************************************************
Number of simulation boxes     2
Box 1 is CUBIC               
 Each Side Of :       25.0000     Angstrom
 Cell basis vector lengths in A,     25.0000      25.0000      25.0000
 Cosine of angles alpha, beta, gamma     0.0000       0.0000       0.0000
 Distance between box faces    25.0000      25.0000      25.0000
 Box volume, A^3         15625.0000
Box 2 is CUBIC               
 Each Side Of :       39.0000     Angstrom
 Cell basis vector lengths in A,     39.0000      39.0000      39.0000
 Cosine of angles alpha, beta, gamma     0.0000       0.0000       0.0000
 Distance between box faces    39.0000      39.0000      39.0000
 Box volume, A^3         59319.0000
********************************************************************************

Pair style
********************************************************************************
VDW style used is:   LJ             in box:  1
 VDW sum style is:   cut_tail       in box:  1
 rcut =     8.000 Angstrom
VDW style used is:   LJ             in box:  2
 VDW sum style is:   cut_tail       in box:  2
 rcut =     8.000 Angstrom
Charge style in box 1 is NONE
Charge style in box 2 is NONE
Pair interaction energy array storage enabled
Custom mixing rule specified
********************************************************************************

Molecule info
********************************************************************************
 Reading molecular connectivity information
 Species:            1
 Molecular connectivity file: kr.mcf                                                                                                                  
   1 atom(s) specified.
   0 bond(s) specified.
   0 angle(s) specified.
   0 dihedral(s) specified.
   0 improper(s) specified.
   1 fragment(s) specified.
   0 fragment bond(s) specified.
 Reading molecular connectivity information
 Species:            2
 Molecular connectivity file: ar.mcf                                                                                                                  
   1 atom(s) specified.
   0 bond(s) specified.
   0 angle(s) specified.
   0 dihedral(s) specified.
   0 improper(s) specified.
   1 fragment(s) specified.
   0 fragment bond(s) specified.

 Species  Max molecules
 -------  -------------
      1            225
      2             30

 Species     1
 -------------------------------------------------------------------------------
 Atom parameters read
 Bond parameters read
 Angle parameters read
 Dihedral parameters read
 Improper parameters read
 Intra molecule scaling factors for species            1
  VDW 1-2 scaling factor       0.000
  VDW 1-3 scaling factor       0.000
  VDW 1-4 scaling factor       0.000
  VDW 1-N scaling factor       1.000
 Total number of atoms in fragment     1  is   1
 Fragment info read
 Fragment file for fragment 1 is kr.dat
 -------------------------------------------------------------------------------

 Species     2
 -------------------------------------------------------------------------------
 Atom parameters read
 Bond parameters read
 Angle parameters read
 Dihedral parameters read
 Improper parameters read
 Intra molecule scaling factors for species            2
  VDW 1-2 scaling factor       0.000
  VDW 1-3 scaling factor       0.000
  VDW 1-4 scaling factor       0.000
  VDW 1-N scaling factor       1.000
 Total number of atoms in fragment     1  is   1
 Fragment info read
 Fragment file for fragment 2 is ar.dat
 -------------------------------------------------------------------------------

 Fragment coord info
 -------------------------------------------------------------------------------
 library_coords array successfully allocated
 Finished loading fragment coordinates from
 kr.dat
 Finished loading fragment coordinates from
 ar.dat
 -------------------------------------------------------------------------------
********************************************************************************

Start type
********************************************************************************
Initial configuration for box 1 will be made
 Will insert     187  molecules of species   1
 Will insert       8  molecules of species   2
Initial configuration for box 2 will be made
 Will insert      38  molecules of species   1
 Will insert      22  molecules of species   2
********************************************************************************

Seed info
********************************************************************************
The starting seeds are:   1211131639   1211131640
********************************************************************************

Temperature
********************************************************************************
Temperature of box 1 is 143.150 K
Temperature of box 2 is 143.150 K
********************************************************************************

Pressure
********************************************************************************
Pressure of box 1 is     9.530 bar =  0.573910E-01 amu / (A ps^2)
Pressure of box 2 is     9.530 bar =  0.573910E-01 amu / (A ps^2)
********************************************************************************

Move probabilities
********************************************************************************
Probability for translation                0.770000
 Maximum displacement width for species  1 in box  1  is      1.00000
 Maximum displacement width for species  2 in box  1  is      1.00000
 Maximum displacement width for species  1 in box  2  is      1.00000
 Maximum displacement width for species  2 in box  2  is      1.00000
Probability for volume move                0.030000
 Maximum volume displacement for box  1 is      1.000  A^3
 Maximum volume displacement for box  2 is      1.000  A^3
 Volume moves will be performed in actual volumes
Probability for particle swap              0.100000
 Species 1 will be inserted using CBMC
 Species 2 will be inserted using CBMC
 Number of insertable species is    2
  By default, box_out will be selected according to its mole fraction
  By default, species will be selected according to its mole fraction in box_out
Number of moves is :   4
********************************************************************************

CBMC info
********************************************************************************
Kappa for first fragment insertion          12
 Orientational bias not supported. Kappa set to zero
Kappa for dihedral selection                12
 Cutoff for CBMC for box 1 is         6.50
 Cutoff for CBMC for box 2 is         6.50
********************************************************************************

Simulation length info
********************************************************************************
Thermodynamic quantities will be computed every      1000 Steps     
Coordinates will be written every                 1000000 Steps     
 movie header file for box   1 is      gemc.out.box1.H
 movie_XYZ file for box      1 is      gemc.out.box1.xyz
 movie header file for box   2 is      gemc.out.box2.H
 movie_XYZ file for box      2 is      gemc.out.box2.xyz
The simulation will be run for                    1000000 Steps     
Instantaneous values will be written every           1000 Steps     
********************************************************************************

Property info
********************************************************************************
Total number of property files to be written is     1   for box 1
 Maximum number of properties per file is    7
 Writing the name of the property files and the corresponding property output
 Property file    1   is  gemc.out.box1.prp
 Properties output in these files are
 Energy_Total
 Density_1
 Density_2
 Nmols_1
 Nmols_2
 Volume
 Pressure
Total number of property files to be written is     1   for box 2
 Maximum number of properties per file is    7
 Writing the name of the property files and the corresponding property output
 Property file    1   is  gemc.out.box2.prp
 Properties output in these files are
 Energy_Total
 Density_1
 Density_2
 Nmols_1
 Nmols_2
 Volume
 Pressure
********************************************************************************

Minimum distance cutoff
********************************************************************************
MC low cutoff distance is   1.000    Angstrom
********************************************************************************

Run type
********************************************************************************
 The input run type is Equilibration
 Update frequency is          100
 Update frequency for adjusting maximum volume displacement is
         100
********************************************************************************

********************************************************************************
************************ Begin Cassandra simulation ****************************
********************************************************************************

Initial configuration
********************************************************************************
 Inserting          187 molecules of species            1
 Inserting            8 molecules of species            2
 Inserting           38 molecules of species            1
 Inserting           22 molecules of species            2
********************************************************************************

Compute total energy
********************************************************************************

 Energy components for box 1     kJ/mol-Extensive
 ---------------------------------------------------------------------
 Total system energy                      642.864
 Intra molecular energy                     0.000
   Bond energy                              0.000
   Bond angle energy                        0.000
   Dihedral angle energy                    0.000
   Improper angle energy                    0.000
   Intra molecule vdw                       0.000
   Intra molecule q                         0.000
 Inter molecular energy                   642.864
   Inter molecule vdw                     755.533
   Long range correction                 -112.669
   Inter molecule q                         0.000
 ---------------------------------------------------------------------


 Energy components for box 2     kJ/mol-Extensive
 ---------------------------------------------------------------------
 Total system energy                      -22.180
 Intra molecular energy                     0.000
   Bond energy                              0.000
   Bond angle energy                        0.000
   Dihedral angle energy                    0.000
   Improper angle energy                    0.000
   Intra molecule vdw                       0.000
   Intra molecule q                         0.000
 Inter molecular energy                   -22.180
   Inter molecule vdw                     -20.088
   Long range correction                   -2.092
   Inter molecule q                         0.000
 ---------------------------------------------------------------------

********************************************************************************

Run simulation
********************************************************************************
      Step       Move   Mol Spc Box  Success  MaxWidth
       185  translate         1   1  0.30000   0.60000
       368  translate         1   1  0.45000   0.54000
       558  translate         1   1  0.50000   0.54000
       686  translate         1   2  0.88000   1.76000
       763  translate         1   1  0.53000   0.57240
       937  translate         1   1  0.54000   0.61819
      1111  translate         1   1  0.50000   0.61819
      1317  translate         1   1  0.41000   0.50692
      1347  translate         1   2  0.81000   2.85120
      1487  translate         1   1  0.48000   0.48664
      1674  translate         1   1  0.46000   0.44771
      1846  translate         1   1  0.61000   0.54621
      2000  translate         2   1  0.38000   0.76000
      2040  translate         1   1  0.44000   0.48066
      2217  translate         1   1  0.49000   0.47105
      2277  translate         1   2  0.80000   4.56192
      2402  translate         1   1  0.48000   0.45221
      2432  translate         2   2  0.84000   1.68000
      2562  translate         1   1  0.58000   0.52456
      2737  translate         1   1  0.53000   0.55603
      2921  translate         1   1  0.44000   0.48931
      3090  translate         1   1  0.47000   0.45995
      3108  translate         1   2  0.68000   6.20421
      3265  translate         1   1  0.53000   0.48755
      3434  translate         1   1  0.49000   0.47780
      3596  translate         1   1  0.49000   0.46824
      3773  translate         1   1  0.44000   0.41205
      3952  translate         1   1  0.45000   0.37085
      4014  translate         1   2  0.69000   8.00000
      4116  translate         1   1  0.50000   0.37085
      4282  translate         1   1  0.66000   0.48952
      4448  translate         2   1  0.46000   0.69920
      4449  translate         1   1  0.41000   0.40140
      4557  translate         2   2  0.90000   3.02400
      4602  translate         1   1  0.49000   0.39338
      4783  translate         1   1  0.53000   0.41698
      4910  translate         1   2  0.60000   8.00000
      4979  translate         1   1  0.57000   0.47536
      5155  translate         1   1  0.51000   0.48486
      5322  translate         1   1  0.56000   0.54305
      5500  translate         1   1  0.47000   0.51046
      5680  translate         1   1  0.47000   0.47984
      5841  translate         1   1  0.51000   0.48943
      5912     volume             1  0.05000        0.
      5934  translate         1   2  0.74000   8.00000
      6011  translate         1   1  0.46000   0.45028
      6180  translate         1   1  0.54000   0.48630
      6326  translate         1   1  0.50000   0.48630
      6393  translate         2   2  0.81000   4.89888
      6480  translate         1   1  0.43000   0.41822
      6631     volume             2  0.00000        0.
      6651  translate         1   1  0.54000   0.45168
      6844  translate         1   1  0.53000   0.47878
      7001  translate         1   1  0.50000   0.47878
      7052  translate         2   1  0.48000   0.67123
      7084  translate         1   2  0.69000   8.00000
      7175  translate         1   1  0.59000   0.56496
      7335  translate         1   1  0.51000   0.57625
      7526  translate         1   1  0.38000   0.43795
      7677  translate         1   1  0.53000   0.46423
      7857  translate         1   1  0.45000   0.41781
      8015  translate         1   1  0.53000   0.44288
      8094  translate         1   2  0.69000   8.00000
      8195  translate         1   1  0.43000   0.38087
      8352  translate         1   1  0.61000   0.46467
      8515  translate         1   1  0.51000   0.47396
      8698  translate         1   1  0.52000   0.49292
      8747  translate         2   1  0.42000   0.56383
      8861  translate         1   1  0.50000   0.49292
      9009  translate         1   1  0.44000   0.43377
      9171  translate         1   1  0.63000   0.54655
      9295  translate         1   2  0.65000   8.00000
      9334  translate         1   1  0.44000   0.48096
      9515  translate         1   1  0.48000   0.46172
      9615  translate         2   2  0.70000   6.85843
      9689  translate         1   1  0.54000   0.49866
      9852  translate         1   1  0.50000   0.49866
     10004  translate         1   1  0.49000   0.48869
     10174  translate         1   1  0.40000   0.39095
     10330  translate         1   1  0.66000   0.51605
     10492  translate         1   1  0.42000   0.43348
     10660  translate         1   2  0.56000   8.00000
     10668  translate         1   1  0.57000   0.49417
     10826  translate         1   1  0.49000   0.48429
     10887  translate         2   1  0.56000   0.63150
     10967  translate         1   1  0.49000   0.47460
     11126  translate         1   1  0.43000   0.40816
     11293  translate         1   1  0.50000   0.40816
     11478  translate         1   1  0.56000   0.45714
     11633  translate         2   2  0.73000   8.00000
     11665  translate         1   1  0.67000   0.61257
     11840  translate         1   1  0.27000   0.33079
     12010  translate         1   1  0.60000   0.39694
     12118     volume             1  0.00000        0.
     12125  translate         1   2  0.78000   8.00000
     12174  translate         1   1  0.62000   0.49221
     12323  translate         1   1  0.40000   0.39377
     12494  translate         1   1  0.61000   0.48040
     12649  translate         1   1  0.61000   0.58608
     12660  translate         2   1  0.54000   0.68201
     12816  translate         1   1  0.45000   0.52747
     12983  translate         1   1  0.39000   0.41143
     13143  translate         1   1  0.51000   0.41966
     13297  translate         1   1  0.50000   0.41966
     13450  translate         1   1  0.51000   0.42805
     13608  translate         1   1  0.51000   0.43661
